<?xml version="1.0" encoding="UTF-8"?>
<!-- Generated by org.testng.reporters.JUnitReportReporter -->
<testsuite name="test.day1" tests="1" time="0.019" ignored="3" failures="1" timestamp="26 Nov 2017 20:11:10 GMT" skipped="0" hostname="DESKTOP-GOMK6OD" errors="0">
  <testcase name="Demo" time="0.019" classname="test.day1">
    <failure type="java.lang.AssertionError" message="expected [true] but found [false]">
     </failure>
  </testcase> <!-- Demo -->
  <testcase name="SecondTest" classname="test.day1">
    <skipped/>
  </testcase> <!-- SecondTest -->
  <testcase name="APIcarLoan" classname="test.day3">
    <skipped/>
  </testcase> <!-- APIcarLoan -->
  <testcase name="MobilesignimcarLoan" classname="test.day3">
    <skipped/>
  </testcase> <!-- MobilesignimcarLoan -->
</testsuite> <!-- test.day1 -->
